751.6582935216085843 MASS
564.9201487231949841 MASS_WALL_ONLY
-1.0000000000000000 VOLUME
20087.2231326007495227 THRUST
0.8550681481699028 THERMAL_LAYER_PN_TEMP_RATIO
0.9875452957951462 LOAD_LAYER_INSIDE_PN_TEMP_RATIO
0.6615666643255896 LOAD_LAYER_MIDDLE_PN_TEMP_RATIO
0.9574923079480614 LOAD_LAYER_OUTSIDE_PN_TEMP_RATIO
0.0122457309382612 THERMAL_LAYER_PN_FAILURE_CRITERIA
0.1519244800892576 LOAD_LAYER_INSIDE_PN_FAILURE_CRITERIA
0.1084593728584418 LOAD_LAYER_MIDDLE_PN_FAILURE_CRITERIA
0.1571064760199413 LOAD_LAYER_OUTSIDE_PN_FAILURE_CRITERIA
0.0512969253482893 STRINGERS_PN_FAILURE_CRITERIA
0.0199695838279388 BAFFLE1_PN_FAILURE_CRITERIA
0.0193414002238476 BAFFLE2_PN_FAILURE_CRITERIA
0.0243324152008474 BAFFLE3_PN_FAILURE_CRITERIA
0.0113702352257166 BAFFLE4_PN_FAILURE_CRITERIA
0.0210090595998529 BAFFLE5_PN_FAILURE_CRITERIA
-1.0000000000000000 THERMAL_LAYER_TEMP_RATIO_0_0
-1.0000000000000000 THERMAL_LAYER_TEMP_RATIO_0_1
-1.0000000000000000 THERMAL_LAYER_TEMP_RATIO_0_2
-1.0000000000000000 LOAD_LAYER_INSIDE_TEMP_RATIO_0_0
-1.0000000000000000 LOAD_LAYER_INSIDE_TEMP_RATIO_0_1
-1.0000000000000000 LOAD_LAYER_INSIDE_TEMP_RATIO_0_2
-1.0000000000000000 LOAD_LAYER_MIDDLE_TEMP_RATIO_0_0
-1.0000000000000000 LOAD_LAYER_MIDDLE_TEMP_RATIO_0_1
-1.0000000000000000 LOAD_LAYER_MIDDLE_TEMP_RATIO_0_2
-1.0000000000000000 LOAD_LAYER_OUTSIDE_TEMP_RATIO_0_0
-1.0000000000000000 LOAD_LAYER_OUTSIDE_TEMP_RATIO_0_1
-1.0000000000000000 LOAD_LAYER_OUTSIDE_TEMP_RATIO_0_2
-1.0000000000000000 THERMAL_LAYER_FAILURE_CRITERIA_0_0
-1.0000000000000000 THERMAL_LAYER_FAILURE_CRITERIA_0_1
-1.0000000000000000 THERMAL_LAYER_FAILURE_CRITERIA_0_2
-1.0000000000000000 LOAD_LAYER_INSIDE_FAILURE_CRITERIA_0_0
-1.0000000000000000 LOAD_LAYER_INSIDE_FAILURE_CRITERIA_0_1
-1.0000000000000000 LOAD_LAYER_INSIDE_FAILURE_CRITERIA_0_2
-1.0000000000000000 LOAD_LAYER_INSIDE_FAILURE_CRITERIA_1_0
-1.0000000000000000 LOAD_LAYER_INSIDE_FAILURE_CRITERIA_1_1
-1.0000000000000000 LOAD_LAYER_INSIDE_FAILURE_CRITERIA_1_2
-1.0000000000000000 LOAD_LAYER_MIDDLE_FAILURE_CRITERIA_0_0
-1.0000000000000000 LOAD_LAYER_MIDDLE_FAILURE_CRITERIA_0_1
-1.0000000000000000 LOAD_LAYER_MIDDLE_FAILURE_CRITERIA_0_2
-1.0000000000000000 LOAD_LAYER_OUTSIDE_FAILURE_CRITERIA_0_0
-1.0000000000000000 LOAD_LAYER_OUTSIDE_FAILURE_CRITERIA_0_1
-1.0000000000000000 LOAD_LAYER_OUTSIDE_FAILURE_CRITERIA_0_2
-1.0000000000000000 LOAD_LAYER_OUTSIDE_FAILURE_CRITERIA_1_0
-1.0000000000000000 LOAD_LAYER_OUTSIDE_FAILURE_CRITERIA_1_1
-1.0000000000000000 LOAD_LAYER_OUTSIDE_FAILURE_CRITERIA_1_2
-1.0000000000000000 WALL_PRESSURE_0
-1.0000000000000000 WALL_PRESSURE_1
-1.0000000000000000 WALL_PRESSURE_2
-1.0000000000000000 WALL_PRESSURE_3
-1.0000000000000000 WALL_PRESSURE_4
-1.0000000000000000 PRESSURE_0
-1.0000000000000000 PRESSURE_1
-1.0000000000000000 PRESSURE_2
-1.0000000000000000 VELOCITY_0_0
-1.0000000000000000 VELOCITY_0_1
-1.0000000000000000 VELOCITY_0_2
-1.0000000000000000 VELOCITY_0_3
-1.0000000000000000 VELOCITY_0_4
-1.0000000000000000 VELOCITY_1_0
-1.0000000000000000 VELOCITY_1_1
-1.0000000000000000 VELOCITY_1_2
-1.0000000000000000 VELOCITY_1_3
-1.0000000000000000 VELOCITY_1_4
-1.0000000000000000 VELOCITY_2_0
-1.0000000000000000 VELOCITY_2_1
-1.0000000000000000 VELOCITY_2_2
-1.0000000000000000 VELOCITY_2_3
-1.0000000000000000 VELOCITY_2_4
