377.9457059813838669 MASS
298.9125321097612868 MASS_WALL_ONLY
-1.0000000000000000 VOLUME
25482.6558485782079515 THRUST
0.9354825147610643 THERMAL_LAYER_PN_TEMP_RATIO
0.7621139614152459 LOAD_LAYER_INSIDE_PN_TEMP_RATIO
0.5011714808386074 LOAD_LAYER_MIDDLE_PN_TEMP_RATIO
0.7415995669866506 LOAD_LAYER_OUTSIDE_PN_TEMP_RATIO
0.3905525276646422 THERMAL_LAYER_PN_FAILURE_CRITERIA
0.0795321502187805 LOAD_LAYER_INSIDE_PN_FAILURE_CRITERIA
0.0068563240092557 LOAD_LAYER_MIDDLE_PN_FAILURE_CRITERIA
0.0959741280104997 LOAD_LAYER_OUTSIDE_PN_FAILURE_CRITERIA
0.0475917376830473 STRINGERS_PN_FAILURE_CRITERIA
0.0104048576092294 BAFFLE1_PN_FAILURE_CRITERIA
0.0125307838709622 BAFFLE2_PN_FAILURE_CRITERIA
0.0130232169434780 BAFFLE3_PN_FAILURE_CRITERIA
0.0126700297204480 BAFFLE4_PN_FAILURE_CRITERIA
0.0114537004407630 BAFFLE5_PN_FAILURE_CRITERIA
-1.0000000000000000 THERMAL_LAYER_TEMP_RATIO_0
-1.0000000000000000 THERMAL_LAYER_TEMP_RATIO_1
-1.0000000000000000 THERMAL_LAYER_TEMP_RATIO_2
-1.0000000000000000 LOAD_LAYER_INSIDE_TEMP_RATIO_0
-1.0000000000000000 LOAD_LAYER_INSIDE_TEMP_RATIO_1
-1.0000000000000000 LOAD_LAYER_INSIDE_TEMP_RATIO_2
-1.0000000000000000 LOAD_LAYER_MIDDLE_TEMP_RATIO_0
-1.0000000000000000 LOAD_LAYER_MIDDLE_TEMP_RATIO_1
-1.0000000000000000 LOAD_LAYER_MIDDLE_TEMP_RATIO_2
-1.0000000000000000 LOAD_LAYER_OUTSIDE_TEMP_RATIO_0
-1.0000000000000000 LOAD_LAYER_OUTSIDE_TEMP_RATIO_1
-1.0000000000000000 LOAD_LAYER_OUTSIDE_TEMP_RATIO_2
-1.0000000000000000 THERMAL_LAYER_FAILURE_CRITERIA_0
-1.0000000000000000 THERMAL_LAYER_FAILURE_CRITERIA_1
-1.0000000000000000 THERMAL_LAYER_FAILURE_CRITERIA_2
-1.0000000000000000 LOAD_LAYER_INSIDE_FAILURE_CRITERIA_0_0
-1.0000000000000000 LOAD_LAYER_INSIDE_FAILURE_CRITERIA_0_1
-1.0000000000000000 LOAD_LAYER_INSIDE_FAILURE_CRITERIA_0_2
-1.0000000000000000 LOAD_LAYER_INSIDE_FAILURE_CRITERIA_1_0
-1.0000000000000000 LOAD_LAYER_INSIDE_FAILURE_CRITERIA_1_1
-1.0000000000000000 LOAD_LAYER_INSIDE_FAILURE_CRITERIA_1_2
-1.0000000000000000 LOAD_LAYER_MIDDLE_FAILURE_CRITERIA_0
-1.0000000000000000 LOAD_LAYER_MIDDLE_FAILURE_CRITERIA_1
-1.0000000000000000 LOAD_LAYER_MIDDLE_FAILURE_CRITERIA_2
-1.0000000000000000 LOAD_LAYER_OUTSIDE_FAILURE_CRITERIA_0_0
-1.0000000000000000 LOAD_LAYER_OUTSIDE_FAILURE_CRITERIA_0_1
-1.0000000000000000 LOAD_LAYER_OUTSIDE_FAILURE_CRITERIA_0_2
-1.0000000000000000 LOAD_LAYER_OUTSIDE_FAILURE_CRITERIA_1_0
-1.0000000000000000 LOAD_LAYER_OUTSIDE_FAILURE_CRITERIA_1_1
-1.0000000000000000 LOAD_LAYER_OUTSIDE_FAILURE_CRITERIA_1_2
-1.0000000000000000 WALL_PRESSURE_0
-1.0000000000000000 WALL_PRESSURE_1
-1.0000000000000000 WALL_PRESSURE_2
-1.0000000000000000 WALL_PRESSURE_3
-1.0000000000000000 WALL_PRESSURE_4
-1.0000000000000000 PRESSURE_0
-1.0000000000000000 PRESSURE_1
-1.0000000000000000 PRESSURE_2
-1.0000000000000000 VELOCITY_0_0
-1.0000000000000000 VELOCITY_0_1
-1.0000000000000000 VELOCITY_0_2
-1.0000000000000000 VELOCITY_0_3
-1.0000000000000000 VELOCITY_0_4
-1.0000000000000000 VELOCITY_1_0
-1.0000000000000000 VELOCITY_1_1
-1.0000000000000000 VELOCITY_1_2
-1.0000000000000000 VELOCITY_1_3
-1.0000000000000000 VELOCITY_1_4
-1.0000000000000000 VELOCITY_2_0
-1.0000000000000000 VELOCITY_2_1
-1.0000000000000000 VELOCITY_2_2
-1.0000000000000000 VELOCITY_2_3
-1.0000000000000000 VELOCITY_2_4
