401.5803285514627987 MASS
262.7427873820685136 MASS_WALL_ONLY
-1.0000000000000000 VOLUME
33468.4792483790297410 THRUST
0.9577578756544685 THERMAL_LAYER_PN_TEMP_RATIO
0.7733833586849232 LOAD_LAYER_INSIDE_PN_TEMP_RATIO
0.5085554419748918 LOAD_LAYER_MIDDLE_PN_TEMP_RATIO
0.7524959269499505 LOAD_LAYER_OUTSIDE_PN_TEMP_RATIO
0.3920361949967793 THERMAL_LAYER_PN_FAILURE_CRITERIA
0.0643382307038526 LOAD_LAYER_INSIDE_PN_FAILURE_CRITERIA
0.0065568374627288 LOAD_LAYER_MIDDLE_PN_FAILURE_CRITERIA
0.0736763307345588 LOAD_LAYER_OUTSIDE_PN_FAILURE_CRITERIA
0.0218183978516262 STRINGERS_PN_FAILURE_CRITERIA
0.0104170312634104 BAFFLE1_PN_FAILURE_CRITERIA
0.0133436835979725 BAFFLE2_PN_FAILURE_CRITERIA
0.0134595002645915 BAFFLE3_PN_FAILURE_CRITERIA
0.0132749268973019 BAFFLE4_PN_FAILURE_CRITERIA
0.0136123056404330 BAFFLE5_PN_FAILURE_CRITERIA
0.9469676549114450 THERMAL_LAYER_TEMP_RATIO_0
0.9524646900635640 THERMAL_LAYER_TEMP_RATIO_1
0.9408563948863147 THERMAL_LAYER_TEMP_RATIO_2
0.7736158287430893 LOAD_LAYER_INSIDE_TEMP_RATIO_0
0.7740454956663460 LOAD_LAYER_INSIDE_TEMP_RATIO_1
0.7686001200297876 LOAD_LAYER_INSIDE_TEMP_RATIO_2
0.5087069725997687 LOAD_LAYER_MIDDLE_TEMP_RATIO_0
0.5089745740707453 LOAD_LAYER_MIDDLE_TEMP_RATIO_1
0.5054588260815495 LOAD_LAYER_MIDDLE_TEMP_RATIO_2
0.7527210554105410 LOAD_LAYER_OUTSIDE_TEMP_RATIO_0
0.7531044081492618 LOAD_LAYER_OUTSIDE_TEMP_RATIO_1
0.7479920264799158 LOAD_LAYER_OUTSIDE_TEMP_RATIO_2
0.4778171369100427 THERMAL_LAYER_FAILURE_CRITERIA_0
0.2756316203256929 THERMAL_LAYER_FAILURE_CRITERIA_1
0.2782489231614571 THERMAL_LAYER_FAILURE_CRITERIA_2
0.0068998140194069 LOAD_LAYER_INSIDE_FAILURE_CRITERIA_0_0
0.0153419594671014 LOAD_LAYER_INSIDE_FAILURE_CRITERIA_0_1
0.0126949750831493 LOAD_LAYER_INSIDE_FAILURE_CRITERIA_0_2
0.0123492644327157 LOAD_LAYER_INSIDE_FAILURE_CRITERIA_1_0
0.0224225270816777 LOAD_LAYER_INSIDE_FAILURE_CRITERIA_1_1
0.0364015034439808 LOAD_LAYER_INSIDE_FAILURE_CRITERIA_1_2
0.0057866063533380 LOAD_LAYER_MIDDLE_FAILURE_CRITERIA_0
0.0071477066494787 LOAD_LAYER_MIDDLE_FAILURE_CRITERIA_1
0.0055435517675435 LOAD_LAYER_MIDDLE_FAILURE_CRITERIA_2
0.0202668536475720 LOAD_LAYER_OUTSIDE_FAILURE_CRITERIA_0_0
0.0151108256296492 LOAD_LAYER_OUTSIDE_FAILURE_CRITERIA_0_1
0.0146210092204510 LOAD_LAYER_OUTSIDE_FAILURE_CRITERIA_0_2
0.0243800479439876 LOAD_LAYER_OUTSIDE_FAILURE_CRITERIA_1_0
0.0154725055061913 LOAD_LAYER_OUTSIDE_FAILURE_CRITERIA_1_1
0.0330176589572601 LOAD_LAYER_OUTSIDE_FAILURE_CRITERIA_1_2
97499.9999991654476617 WALL_PRESSURE_0
97579.4373959588556318 WALL_PRESSURE_1
97588.3523079781152774 WALL_PRESSURE_2
97222.3768591162370285 WALL_PRESSURE_3
95269.4206934329413343 WALL_PRESSURE_4
11446.9996996578302060 PRESSURE_0
11446.9996996578302060 PRESSURE_1
11446.9996996578302060 PRESSURE_2
246.4733909883857734 VELOCITY_0_0
0.0000000000000000 VELOCITY_0_1
0.0000000000000000 VELOCITY_0_2
276.2895273748140994 VELOCITY_1_0
0.0000000000000000 VELOCITY_1_1
0.0000000000000000 VELOCITY_1_2
398.5412111103755137 VELOCITY_2_0
0.0000000000000000 VELOCITY_2_1
0.0000000000000000 VELOCITY_2_2
725.3278093878119535 VELOCITY_3_0
0.0000000000000000 VELOCITY_3_1
0.0000000000000000 VELOCITY_3_2
931.1078530949864671 VELOCITY_4_0
0.0000000000000000 VELOCITY_4_1
0.0000000000000000 VELOCITY_4_2
