18761.8634651008032961 THRUST
98206.0472839046560694 WALL_PRESSURE_0
98070.5268143347930163 WALL_PRESSURE_1
97657.6196186115412274 WALL_PRESSURE_2
96951.6758999252924696 WALL_PRESSURE_3
95176.5007371467945632 WALL_PRESSURE_4
93436.6693849617004162 WALL_PRESSURE_5
94964.2846792245254619 PRESSURE_0
94964.2846792245254619 PRESSURE_1
93920.0298041446076240 PRESSURE_2
93920.0298041446076240 PRESSURE_3
85429.9500746240082663 PRESSURE_4
85429.9500746240082663 PRESSURE_5
33890.2962905507447431 PRESSURE_6
33890.2962905507447431 PRESSURE_7
10159.6978331431491824 PRESSURE_8
10159.6978331431491824 PRESSURE_9
8284.9847501097519853 PRESSURE_10
8284.9847501097519853 PRESSURE_11
135.2428171139278561 VELOCITY_0_0
0.0000000000000000 VELOCITY_0_1
0.0000000000000000 VELOCITY_0_2
135.2428171139278561 VELOCITY_1_0
0.0000000000000000 VELOCITY_1_1
0.0000000000000000 VELOCITY_1_2
153.2370561669465303 VELOCITY_2_0
0.0000000000000000 VELOCITY_2_1
0.0000000000000000 VELOCITY_2_2
153.2370561669465303 VELOCITY_3_0
0.0000000000000000 VELOCITY_3_1
0.0000000000000000 VELOCITY_3_2
267.1979246877223773 VELOCITY_4_0
0.0000000000000000 VELOCITY_4_1
0.0000000000000000 VELOCITY_4_2
267.1979246877223773 VELOCITY_5_0
0.0000000000000000 VELOCITY_5_1
0.0000000000000000 VELOCITY_5_2
701.6498191774458064 VELOCITY_6_0
0.0000000000000000 VELOCITY_6_1
0.0000000000000000 VELOCITY_6_2
701.6498191774458064 VELOCITY_7_0
0.0000000000000000 VELOCITY_7_1
0.0000000000000000 VELOCITY_7_2
952.2781296919956731 VELOCITY_8_0
0.0000000000000000 VELOCITY_8_1
0.0000000000000000 VELOCITY_8_2
952.2781296919956731 VELOCITY_9_0
0.0000000000000000 VELOCITY_9_1
0.0000000000000000 VELOCITY_9_2
981.2026649913585743 VELOCITY_10_0
0.0000000000000000 VELOCITY_10_1
0.0000000000000000 VELOCITY_10_2
981.2026649913585743 VELOCITY_11_0
0.0000000000000000 VELOCITY_11_1
0.0000000000000000 VELOCITY_11_2
