236.5569639125177162 MASS
144.4222305147921475 MASS_WALL_ONLY
-1.0000000000000000 VOLUME
18480.3003588797000702 THRUST
0.9554783201598002 THERMAL_LAYER_PN_TEMP_RATIO
0.8094213101283154 LOAD_LAYER_INSIDE_PN_TEMP_RATIO
0.5363487388685303 LOAD_LAYER_MIDDLE_PN_TEMP_RATIO
0.7996732501775958 LOAD_LAYER_OUTSIDE_PN_TEMP_RATIO
0.3797327031214549 THERMAL_LAYER_PN_FAILURE_CRITERIA
0.2200155910343170 LOAD_LAYER_INSIDE_PN_FAILURE_CRITERIA
0.0105307895222346 LOAD_LAYER_MIDDLE_PN_FAILURE_CRITERIA
0.2323340423308627 LOAD_LAYER_OUTSIDE_PN_FAILURE_CRITERIA
0.0751152503688091 STRINGERS_PN_FAILURE_CRITERIA
0.0120127103785509 BAFFLE1_PN_FAILURE_CRITERIA
0.0120214203254307 BAFFLE2_PN_FAILURE_CRITERIA
0.0116561632276167 BAFFLE3_PN_FAILURE_CRITERIA
0.0115944243943239 BAFFLE4_PN_FAILURE_CRITERIA
0.0118222133487899 BAFFLE5_PN_FAILURE_CRITERIA
0.9448893668231153 THERMAL_LAYER_TEMP_RATIO_0_0
0.9557760554561681 THERMAL_LAYER_TEMP_RATIO_0_1
0.9420672431882332 THERMAL_LAYER_TEMP_RATIO_0_2
0.8090274439620335 LOAD_LAYER_INSIDE_TEMP_RATIO_0_0
0.8110009563295117 LOAD_LAYER_INSIDE_TEMP_RATIO_0_1
0.8049571969386622 LOAD_LAYER_INSIDE_TEMP_RATIO_0_2
0.5361132732458693 LOAD_LAYER_MIDDLE_TEMP_RATIO_0_0
0.5373591856826760 LOAD_LAYER_MIDDLE_TEMP_RATIO_0_1
0.5333880009952031 LOAD_LAYER_MIDDLE_TEMP_RATIO_0_2
0.7993374036028480 LOAD_LAYER_OUTSIDE_TEMP_RATIO_0_0
0.8011507310792443 LOAD_LAYER_OUTSIDE_TEMP_RATIO_0_1
0.7952800953109327 LOAD_LAYER_OUTSIDE_TEMP_RATIO_0_2
0.4603604216064944 THERMAL_LAYER_FAILURE_CRITERIA_0_0
0.2761970026765556 THERMAL_LAYER_FAILURE_CRITERIA_0_1
0.2716232311612493 THERMAL_LAYER_FAILURE_CRITERIA_0_2
0.0118456116256403 LOAD_LAYER_INSIDE_FAILURE_CRITERIA_0_0
0.0311524503937360 LOAD_LAYER_INSIDE_FAILURE_CRITERIA_0_1
0.0036304143736347 LOAD_LAYER_INSIDE_FAILURE_CRITERIA_0_2
0.0148268866134844 LOAD_LAYER_INSIDE_FAILURE_CRITERIA_1_0
0.0682410534360488 LOAD_LAYER_INSIDE_FAILURE_CRITERIA_1_1
0.0690585404455829 LOAD_LAYER_INSIDE_FAILURE_CRITERIA_1_2
0.0068637444382648 LOAD_LAYER_MIDDLE_FAILURE_CRITERIA_0_0
0.0086046549067606 LOAD_LAYER_MIDDLE_FAILURE_CRITERIA_0_1
0.0099314217846739 LOAD_LAYER_MIDDLE_FAILURE_CRITERIA_0_2
0.0178624671559326 LOAD_LAYER_OUTSIDE_FAILURE_CRITERIA_0_0
0.0103830728757796 LOAD_LAYER_OUTSIDE_FAILURE_CRITERIA_0_1
0.0021810281460693 LOAD_LAYER_OUTSIDE_FAILURE_CRITERIA_0_2
0.0376788331332361 LOAD_LAYER_OUTSIDE_FAILURE_CRITERIA_1_0
0.0553510604551000 LOAD_LAYER_OUTSIDE_FAILURE_CRITERIA_1_1
0.0653345585459610 LOAD_LAYER_OUTSIDE_FAILURE_CRITERIA_1_2
97499.9999968544434523 WALL_PRESSURE_0
97466.0072652824746910 WALL_PRESSURE_1
97385.3926379668264417 WALL_PRESSURE_2
96643.2267761961265933 WALL_PRESSURE_3
93003.8647339122398989 WALL_PRESSURE_4
8168.1654403206830466 PRESSURE_0
8168.1654403206830466 PRESSURE_1
8168.1654403206830466 PRESSURE_2
134.9772605763168372 VELOCITY_0_0
0.0000000000000000 VELOCITY_0_1
0.0000000000000000 VELOCITY_0_2
153.0981947221026473 VELOCITY_1_0
0.0000000000000000 VELOCITY_1_1
0.0000000000000000 VELOCITY_1_2
267.1468801600441907 VELOCITY_2_0
0.0000000000000000 VELOCITY_2_1
0.0000000000000000 VELOCITY_2_2
702.9724573913413224 VELOCITY_3_0
0.0000000000000000 VELOCITY_3_1
0.0000000000000000 VELOCITY_3_2
977.8615346304576406 VELOCITY_4_0
0.0000000000000000 VELOCITY_4_1
0.0000000000000000 VELOCITY_4_2
