236.5569639125177162 MASS
144.4222305147921475 MASS_WALL_ONLY
-1.0000000000000000 VOLUME
18480.3003588797000702 THRUST
0.9554783201598002 THERMAL_LAYER_PN_TEMP_RATIO
0.8094213101283154 LOAD_LAYER_INSIDE_PN_TEMP_RATIO
0.5363487388685303 LOAD_LAYER_MIDDLE_PN_TEMP_RATIO
0.7996732501775958 LOAD_LAYER_OUTSIDE_PN_TEMP_RATIO
0.3797337171142450 THERMAL_LAYER_PN_FAILURE_CRITERIA
0.2198003639253154 LOAD_LAYER_INSIDE_PN_FAILURE_CRITERIA
0.0105186093071773 LOAD_LAYER_MIDDLE_PN_FAILURE_CRITERIA
0.2320327388453808 LOAD_LAYER_OUTSIDE_PN_FAILURE_CRITERIA
0.0749999636845472 STRINGERS_PN_FAILURE_CRITERIA
0.0119377710731508 BAFFLE1_PN_FAILURE_CRITERIA
0.0120145171561548 BAFFLE2_PN_FAILURE_CRITERIA
0.0116537127339740 BAFFLE3_PN_FAILURE_CRITERIA
0.0115892851442506 BAFFLE4_PN_FAILURE_CRITERIA
0.0118184258530019 BAFFLE5_PN_FAILURE_CRITERIA
0.9448893668231153 THERMAL_LAYER_TEMP_RATIO_0_0
0.9557760554561681 THERMAL_LAYER_TEMP_RATIO_0_1
0.9420672431882332 THERMAL_LAYER_TEMP_RATIO_0_2
0.8090274439620335 LOAD_LAYER_INSIDE_TEMP_RATIO_0_0
0.8110009563295117 LOAD_LAYER_INSIDE_TEMP_RATIO_0_1
0.8049571969386622 LOAD_LAYER_INSIDE_TEMP_RATIO_0_2
0.5361132732458693 LOAD_LAYER_MIDDLE_TEMP_RATIO_0_0
0.5373591856826760 LOAD_LAYER_MIDDLE_TEMP_RATIO_0_1
0.5333880009952031 LOAD_LAYER_MIDDLE_TEMP_RATIO_0_2
0.7993374036028480 LOAD_LAYER_OUTSIDE_TEMP_RATIO_0_0
0.8011507310792443 LOAD_LAYER_OUTSIDE_TEMP_RATIO_0_1
0.7952800953109327 LOAD_LAYER_OUTSIDE_TEMP_RATIO_0_2
0.4603589901134468 THERMAL_LAYER_FAILURE_CRITERIA_0_0
0.2761970026765556 THERMAL_LAYER_FAILURE_CRITERIA_0_1
0.2716232311612493 THERMAL_LAYER_FAILURE_CRITERIA_0_2
0.0110473720676928 LOAD_LAYER_INSIDE_FAILURE_CRITERIA_0_0
0.0306507107431258 LOAD_LAYER_INSIDE_FAILURE_CRITERIA_0_1
0.0036401594826232 LOAD_LAYER_INSIDE_FAILURE_CRITERIA_0_2
0.0152143015272431 LOAD_LAYER_INSIDE_FAILURE_CRITERIA_1_0
0.0677293050947760 LOAD_LAYER_INSIDE_FAILURE_CRITERIA_1_1
0.0689471706034345 LOAD_LAYER_INSIDE_FAILURE_CRITERIA_1_2
0.0068441645916004 LOAD_LAYER_MIDDLE_FAILURE_CRITERIA_0_0
0.0085916348704308 LOAD_LAYER_MIDDLE_FAILURE_CRITERIA_0_1
0.0099533287854956 LOAD_LAYER_MIDDLE_FAILURE_CRITERIA_0_2
0.0184623755323346 LOAD_LAYER_OUTSIDE_FAILURE_CRITERIA_0_0
0.0100698630924215 LOAD_LAYER_OUTSIDE_FAILURE_CRITERIA_0_1
0.0024214989593429 LOAD_LAYER_OUTSIDE_FAILURE_CRITERIA_0_2
0.0376701999372435 LOAD_LAYER_OUTSIDE_FAILURE_CRITERIA_1_0
0.0552335177839324 LOAD_LAYER_OUTSIDE_FAILURE_CRITERIA_1_1
0.0656492247482201 LOAD_LAYER_OUTSIDE_FAILURE_CRITERIA_1_2
97499.9999968544434523 WALL_PRESSURE_0
97466.0072652824746910 WALL_PRESSURE_1
97385.3926379668264417 WALL_PRESSURE_2
96643.2267761961265933 WALL_PRESSURE_3
93003.8647339122398989 WALL_PRESSURE_4
8168.1654403206830466 PRESSURE_0
8168.1654403206830466 PRESSURE_1
8168.1654403206830466 PRESSURE_2
134.9772605763168372 VELOCITY_0_0
0.0000000000000000 VELOCITY_0_1
0.0000000000000000 VELOCITY_0_2
153.0981947221026473 VELOCITY_1_0
0.0000000000000000 VELOCITY_1_1
0.0000000000000000 VELOCITY_1_2
267.1468801600441907 VELOCITY_2_0
0.0000000000000000 VELOCITY_2_1
0.0000000000000000 VELOCITY_2_2
702.9724573913413224 VELOCITY_3_0
0.0000000000000000 VELOCITY_3_1
0.0000000000000000 VELOCITY_3_2
977.8615346304576406 VELOCITY_4_0
0.0000000000000000 VELOCITY_4_1
0.0000000000000000 VELOCITY_4_2
