694.9114439711073601 MASS
451.6455270884152924 MASS_WALL_ONLY
0.6008199127143274 VOLUME
16619.7511907506886928 THRUST
0.8494208127016745 THERMAL_LAYER_PN_TEMP_RATIO
0.9483722508088743 LOAD_LAYER_INSIDE_PN_TEMP_RATIO
0.6355869045036586 LOAD_LAYER_MIDDLE_PN_TEMP_RATIO
0.9208929722326881 LOAD_LAYER_OUTSIDE_PN_TEMP_RATIO
0.0042176668430680 THERMAL_LAYER_PN_FAILURE_CRITERIA
0.1065643715501122 LOAD_LAYER_INSIDE_PN_FAILURE_CRITERIA
0.0987485818384899 LOAD_LAYER_MIDDLE_PN_FAILURE_CRITERIA
0.1091942859177219 LOAD_LAYER_OUTSIDE_PN_FAILURE_CRITERIA
0.0390493802831558 STRINGERS_PN_FAILURE_CRITERIA
0.0209631822910715 BAFFLE1_PN_FAILURE_CRITERIA
0.0248575720088973 BAFFLE2_PN_FAILURE_CRITERIA
0.0194532181085693 BAFFLE3_PN_FAILURE_CRITERIA
0.0105904521814869 BAFFLE4_PN_FAILURE_CRITERIA
0.0096003018802926 BAFFLE5_PN_FAILURE_CRITERIA
0.8903618864500976 THERMAL_LAYER_TEMP_RATIO_0_0
0.8320508485282833 THERMAL_LAYER_TEMP_RATIO_0_1
0.4581537052107905 THERMAL_LAYER_TEMP_RATIO_0_2
1.0385865625766502 LOAD_LAYER_INSIDE_TEMP_RATIO_0_0
0.9539979130338526 LOAD_LAYER_INSIDE_TEMP_RATIO_0_1
0.6456890568750842 LOAD_LAYER_INSIDE_TEMP_RATIO_0_2
0.6958619959854301 LOAD_LAYER_MIDDLE_TEMP_RATIO_0_0
0.6392602356229687 LOAD_LAYER_MIDDLE_TEMP_RATIO_0_1
0.4351619360948312 LOAD_LAYER_MIDDLE_TEMP_RATIO_0_2
1.0079384549050943 LOAD_LAYER_OUTSIDE_TEMP_RATIO_0_0
0.9263196694432099 LOAD_LAYER_OUTSIDE_TEMP_RATIO_0_1
0.6339183384512017 LOAD_LAYER_OUTSIDE_TEMP_RATIO_0_2
0.0047670639492946 THERMAL_LAYER_FAILURE_CRITERIA_0_0
0.0026209694775631 THERMAL_LAYER_FAILURE_CRITERIA_0_1
0.0010463589033999 THERMAL_LAYER_FAILURE_CRITERIA_0_2
0.0184981721648466 LOAD_LAYER_INSIDE_FAILURE_CRITERIA_0_0
0.0045539829525466 LOAD_LAYER_INSIDE_FAILURE_CRITERIA_0_1
0.0129695592336844 LOAD_LAYER_INSIDE_FAILURE_CRITERIA_0_2
0.0027848537301155 LOAD_LAYER_INSIDE_FAILURE_CRITERIA_1_0
0.0436429347941998 LOAD_LAYER_INSIDE_FAILURE_CRITERIA_1_1
0.0168180464270472 LOAD_LAYER_INSIDE_FAILURE_CRITERIA_1_2
0.1097812158913241 LOAD_LAYER_MIDDLE_FAILURE_CRITERIA_0_0
0.0993710412772242 LOAD_LAYER_MIDDLE_FAILURE_CRITERIA_0_1
0.0318381403328740 LOAD_LAYER_MIDDLE_FAILURE_CRITERIA_0_2
0.0117090097518287 LOAD_LAYER_OUTSIDE_FAILURE_CRITERIA_0_0
0.0178967228493940 LOAD_LAYER_OUTSIDE_FAILURE_CRITERIA_0_1
0.0152347692137274 LOAD_LAYER_OUTSIDE_FAILURE_CRITERIA_0_2
0.0429617835955243 LOAD_LAYER_OUTSIDE_FAILURE_CRITERIA_1_0
0.0437925031033169 LOAD_LAYER_OUTSIDE_FAILURE_CRITERIA_1_1
0.0126129364205272 LOAD_LAYER_OUTSIDE_FAILURE_CRITERIA_1_2
102095.9738747645023977 WALL_PRESSURE_0
97704.8861011083645280 WALL_PRESSURE_1
71215.3552483464591205 WALL_PRESSURE_2
15079.7740009150966216 WALL_PRESSURE_3
9027.1846902226479870 WALL_PRESSURE_4
7349.5145410260820427 PRESSURE_0
9514.3250873175220477 PRESSURE_1
17859.8586870964099944 PRESSURE_2
137.5047740666661582 VELOCITY_0_0
192.4047860766260385 VELOCITY_0_1
436.2036546409570406 VELOCITY_0_2
904.4642771642429580 VELOCITY_0_3
982.0264397340755522 VELOCITY_0_4
-0.2645654141928258 VELOCITY_1_0
-31.8900966062454181 VELOCITY_1_1
-59.1391887776200846 VELOCITY_1_2
172.3412570502452184 VELOCITY_1_3
-81.1611887930283729 VELOCITY_1_4
0.0000000000000000 VELOCITY_2_0
0.0000000000000000 VELOCITY_2_1
0.0000000000000000 VELOCITY_2_2
0.0000000000000000 VELOCITY_2_3
0.0000000000000000 VELOCITY_2_4
