236.5569639125177162 MASS
12900.0026035147420771 THRUST
0.7975536562507969 LOAD_LAYER_INSIDE_PN_TEMP_RATIO
0.0122722503394511 BAFFLE1_PN_FAILURE_CRITERIA
94571.6287755826488137 WALL_PRESSURE_0
93604.5363370068080258 WALL_PRESSURE_1
85924.0282756737287855 WALL_PRESSURE_2
27519.5108740236719314 WALL_PRESSURE_3
14804.9764070364508370 WALL_PRESSURE_4
135.1902584933532410 VELOCITY_0_0
153.0209375295033567 VELOCITY_0_1
256.2358805153182288 VELOCITY_0_2
0.0000000000000000 VELOCITY_0_3
970.4039315964771504 VELOCITY_0_4
0.0382757141744480 VELOCITY_1_0
-11.2975497447100537 VELOCITY_1_1
-64.2523006469773748 VELOCITY_1_2
0.0000000000000000 VELOCITY_1_3
16.6604032512036646 VELOCITY_1_4
0.0000000000000000 VELOCITY_2_0
0.0000000000000000 VELOCITY_2_1
0.0000000000000000 VELOCITY_2_2
0.0000000000000000 VELOCITY_2_3
0.0000000000000000 VELOCITY_2_4
12992.3487133811831882 THRUST_SSTP1C1
0.7004637026676344 LOAD_LAYER_INSIDE_PN_TEMP_RATIO_SSTP1C1
0.0121127276635445 BAFFLE1_PN_FAILURE_CRITERIA_SSTP1C1
94399.4270690108387498 WALL_PRESSURE_SSTP1C1_0
93622.2915886031842092 WALL_PRESSURE_SSTP1C1_1
85925.7112522082170472 WALL_PRESSURE_SSTP1C1_2
27509.9798946378577966 WALL_PRESSURE_SSTP1C1_3
14682.3829336157832586 WALL_PRESSURE_SSTP1C1_4
136.2238559348727733 VELOCITY_SSTP1C1_0_0
153.2925462736541817 VELOCITY_SSTP1C1_0_1
256.6396694949021935 VELOCITY_SSTP1C1_0_2
0.0000000000000000 VELOCITY_SSTP1C1_0_3
969.4506795747935257 VELOCITY_SSTP1C1_0_4
0.0251955331252047 VELOCITY_SSTP1C1_1_0
-11.1866005872416032 VELOCITY_SSTP1C1_1_1
-64.4435249211066292 VELOCITY_SSTP1C1_1_2
0.0000000000000000 VELOCITY_SSTP1C1_1_3
17.2926581571021281 VELOCITY_SSTP1C1_1_4
0.0000000000000000 VELOCITY_SSTP1C1_2_0
0.0000000000000000 VELOCITY_SSTP1C1_2_1
0.0000000000000000 VELOCITY_SSTP1C1_2_2
0.0000000000000000 VELOCITY_SSTP1C1_2_3
0.0000000000000000 VELOCITY_SSTP1C1_2_4
