726.5278499327034751 MASS
451.4545927228484743 MASS_WALL_ONLY
-1.0000000000000000 VOLUME
16697.8796247195532487 THRUST
0.9174579610937605 THERMAL_LAYER_PN_TEMP_RATIO
1.0217139502851793 LOAD_LAYER_INSIDE_PN_TEMP_RATIO
0.6840311461606510 LOAD_LAYER_MIDDLE_PN_TEMP_RATIO
0.9900778715802652 LOAD_LAYER_OUTSIDE_PN_TEMP_RATIO
0.0043947849192799 THERMAL_LAYER_PN_FAILURE_CRITERIA
0.1517391883407906 LOAD_LAYER_INSIDE_PN_FAILURE_CRITERIA
0.1109743634171498 LOAD_LAYER_MIDDLE_PN_FAILURE_CRITERIA
0.1326501885833448 LOAD_LAYER_OUTSIDE_PN_FAILURE_CRITERIA
0.0909565501063227 STRINGERS_PN_FAILURE_CRITERIA
0.0185267518838683 BAFFLE1_PN_FAILURE_CRITERIA
0.0180578834370294 BAFFLE2_PN_FAILURE_CRITERIA
0.0214583564330695 BAFFLE3_PN_FAILURE_CRITERIA
0.0174394127801857 BAFFLE4_PN_FAILURE_CRITERIA
0.0174391957077172 BAFFLE5_PN_FAILURE_CRITERIA
0.8986896629729014 THERMAL_LAYER_TEMP_RATIO_0_0
0.9117667916742733 THERMAL_LAYER_TEMP_RATIO_0_1
0.4920241645675057 THERMAL_LAYER_TEMP_RATIO_0_2
1.0454693360706517 LOAD_LAYER_INSIDE_TEMP_RATIO_0_0
1.0373565444061830 LOAD_LAYER_INSIDE_TEMP_RATIO_0_1
0.7438409547171254 LOAD_LAYER_INSIDE_TEMP_RATIO_0_2
0.7004511584066659 LOAD_LAYER_MIDDLE_TEMP_RATIO_0_0
0.6944370824949404 LOAD_LAYER_MIDDLE_TEMP_RATIO_0_1
0.5019655888188670 LOAD_LAYER_MIDDLE_TEMP_RATIO_0_2
1.0145234921905164 LOAD_LAYER_OUTSIDE_TEMP_RATIO_0_0
1.0049661750203562 LOAD_LAYER_OUTSIDE_TEMP_RATIO_0_1
0.7304554812270536 LOAD_LAYER_OUTSIDE_TEMP_RATIO_0_2
0.0042927674501656 THERMAL_LAYER_FAILURE_CRITERIA_0_0
0.0029481912948409 THERMAL_LAYER_FAILURE_CRITERIA_0_1
0.0013466076012959 THERMAL_LAYER_FAILURE_CRITERIA_0_2
0.0269422586944837 LOAD_LAYER_INSIDE_FAILURE_CRITERIA_0_0
0.0059541021016433 LOAD_LAYER_INSIDE_FAILURE_CRITERIA_0_1
0.0188293458223321 LOAD_LAYER_INSIDE_FAILURE_CRITERIA_0_2
0.0051433557147302 LOAD_LAYER_INSIDE_FAILURE_CRITERIA_1_0
0.0534976985174622 LOAD_LAYER_INSIDE_FAILURE_CRITERIA_1_1
0.0248697496756571 LOAD_LAYER_INSIDE_FAILURE_CRITERIA_1_2
0.1196494629747303 LOAD_LAYER_MIDDLE_FAILURE_CRITERIA_0_0
0.1129588804150324 LOAD_LAYER_MIDDLE_FAILURE_CRITERIA_0_1
0.0461228878720106 LOAD_LAYER_MIDDLE_FAILURE_CRITERIA_0_2
0.0052529836141514 LOAD_LAYER_OUTSIDE_FAILURE_CRITERIA_0_0
0.0208199399531566 LOAD_LAYER_OUTSIDE_FAILURE_CRITERIA_0_1
0.0218329039144213 LOAD_LAYER_OUTSIDE_FAILURE_CRITERIA_0_2
0.0394909010356960 LOAD_LAYER_OUTSIDE_FAILURE_CRITERIA_1_0
0.0525053172063650 LOAD_LAYER_OUTSIDE_FAILURE_CRITERIA_1_1
0.0190040068699450 LOAD_LAYER_OUTSIDE_FAILURE_CRITERIA_1_2
102025.0771974883973598 WALL_PRESSURE_0
97564.4217434863530798 WALL_PRESSURE_1
69545.4270140726875979 WALL_PRESSURE_2
15326.7531314332409238 WALL_PRESSURE_3
11265.3903537606311147 WALL_PRESSURE_4
7444.7937581458945715 PRESSURE_0
10221.4999469359390787 PRESSURE_1
18598.1617159005836584 PRESSURE_2
138.7689997387566336 VELOCITY_0_0
194.4536142110918036 VELOCITY_0_1
0.0000000000000000 VELOCITY_0_2
899.7441431392394406 VELOCITY_0_3
974.7510365079430130 VELOCITY_0_4
0.0852052536954844 VELOCITY_1_0
-32.5209493702120866 VELOCITY_1_1
0.0000000000000000 VELOCITY_1_2
169.6331754392570588 VELOCITY_1_3
-79.8252133850987491 VELOCITY_1_4
0.0000000000000000 VELOCITY_2_0
0.0000000000000000 VELOCITY_2_1
0.0000000000000000 VELOCITY_2_2
0.0000000000000000 VELOCITY_2_3
0.0000000000000000 VELOCITY_2_4
