236.5569639125177162 MASS
144.4222305147921475 MASS_WALL_ONLY
-1.0000000000000000 VOLUME
13266.5366133603492926 THRUST
0.8800046798440018 THERMAL_LAYER_PN_TEMP_RATIO
0.7533860312448130 LOAD_LAYER_INSIDE_PN_TEMP_RATIO
0.4993262493494334 LOAD_LAYER_MIDDLE_PN_TEMP_RATIO
0.7446376180446382 LOAD_LAYER_OUTSIDE_PN_TEMP_RATIO
0.3818978605784367 THERMAL_LAYER_PN_FAILURE_CRITERIA
0.1939851677881458 LOAD_LAYER_INSIDE_PN_FAILURE_CRITERIA
0.0091658714799229 LOAD_LAYER_MIDDLE_PN_FAILURE_CRITERIA
0.2031109284117256 LOAD_LAYER_OUTSIDE_PN_FAILURE_CRITERIA
0.0689538129672175 STRINGERS_PN_FAILURE_CRITERIA
0.0122054449423141 BAFFLE1_PN_FAILURE_CRITERIA
0.0120089936487087 BAFFLE2_PN_FAILURE_CRITERIA
0.0110051630580333 BAFFLE3_PN_FAILURE_CRITERIA
0.0058231710935665 BAFFLE4_PN_FAILURE_CRITERIA
0.0051592956994658 BAFFLE5_PN_FAILURE_CRITERIA
0.9509656076552850 THERMAL_LAYER_TEMP_RATIO_0
0.9305617604302089 THERMAL_LAYER_TEMP_RATIO_1
0.5170548622185511 THERMAL_LAYER_TEMP_RATIO_2
0.8121446245618131 LOAD_LAYER_INSIDE_TEMP_RATIO_0
0.7972630976374796 LOAD_LAYER_INSIDE_TEMP_RATIO_1
0.5837432576737807 LOAD_LAYER_INSIDE_TEMP_RATIO_2
0.5381642627810475 LOAD_LAYER_MIDDLE_TEMP_RATIO_0
0.5283734122482923 LOAD_LAYER_MIDDLE_TEMP_RATIO_1
0.3878328954385706 LOAD_LAYER_MIDDLE_TEMP_RATIO_2
0.8023740649887976 LOAD_LAYER_OUTSIDE_TEMP_RATIO_0
0.7879333485465445 LOAD_LAYER_OUTSIDE_TEMP_RATIO_1
0.5797802119220150 LOAD_LAYER_OUTSIDE_TEMP_RATIO_2
0.4641827349709355 THERMAL_LAYER_FAILURE_CRITERIA_0
0.2670755186574544 THERMAL_LAYER_FAILURE_CRITERIA_1
0.1124227346400947 THERMAL_LAYER_FAILURE_CRITERIA_2
0.0121903277095948 LOAD_LAYER_INSIDE_FAILURE_CRITERIA_0_0
0.0192487349725837 LOAD_LAYER_INSIDE_FAILURE_CRITERIA_0_1
0.0078448503899316 LOAD_LAYER_INSIDE_FAILURE_CRITERIA_0_2
0.0149705072254395 LOAD_LAYER_INSIDE_FAILURE_CRITERIA_1_0
0.0642973932221716 LOAD_LAYER_INSIDE_FAILURE_CRITERIA_1_1
0.0157868475471801 LOAD_LAYER_INSIDE_FAILURE_CRITERIA_1_2
0.0069425848594608 LOAD_LAYER_MIDDLE_FAILURE_CRITERIA_0
0.0075914471068214 LOAD_LAYER_MIDDLE_FAILURE_CRITERIA_1
0.0025129359238896 LOAD_LAYER_MIDDLE_FAILURE_CRITERIA_2
0.0184378136129524 LOAD_LAYER_OUTSIDE_FAILURE_CRITERIA_0_0
0.0010962555274453 LOAD_LAYER_OUTSIDE_FAILURE_CRITERIA_0_1
0.0073943909361745 LOAD_LAYER_OUTSIDE_FAILURE_CRITERIA_0_2
0.0372387933027465 LOAD_LAYER_OUTSIDE_FAILURE_CRITERIA_1_0
0.0527514230980550 LOAD_LAYER_OUTSIDE_FAILURE_CRITERIA_1_1
0.0145091482465269 LOAD_LAYER_OUTSIDE_FAILURE_CRITERIA_1_2
94502.1556235356983962 WALL_PRESSURE_0
93573.3704450392251601 WALL_PRESSURE_1
85871.6436374206823530 WALL_PRESSURE_2
27246.5689389133876830 WALL_PRESSURE_3
10069.1321131511522253 WALL_PRESSURE_4
3312.5515883497337200 PRESSURE_0
7273.7993151156788372 PRESSURE_1
18318.3517091148023610 PRESSURE_2
136.0252774998465384 VELOCITY_0_0
153.3513583124321826 VELOCITY_0_1
257.0394990440438505 VELOCITY_0_2
763.9527170667328164 VELOCITY_0_3
971.6539981427133625 VELOCITY_0_4
0.0320289258884652 VELOCITY_1_0
-11.2569642319633711 VELOCITY_1_1
-64.4794929876562293 VELOCITY_1_2
124.4085910777826456 VELOCITY_1_3
17.2955829618813546 VELOCITY_1_4
0.0000000000000000 VELOCITY_2_0
0.0000000000000000 VELOCITY_2_1
0.0000000000000000 VELOCITY_2_2
0.0000000000000000 VELOCITY_2_3
0.0000000000000000 VELOCITY_2_4
