18595.8007705910749792 THRUST
94282.6743305974669056 WALL_PRESSURE_0
93282.0189867515873630 WALL_PRESSURE_1
85129.1676254881604109 WALL_PRESSURE_2
33845.6552079821994994 WALL_PRESSURE_3
10036.1127553121477831 WALL_PRESSURE_4
8159.6239335644650055 WALL_PRESSURE_5
94282.6743305974669056 PRESSURE_0
94282.6743305974669056 PRESSURE_1
93282.0189867515873630 PRESSURE_2
93282.0189867515873630 PRESSURE_3
85129.1676254881604109 PRESSURE_4
85129.1676254881604109 PRESSURE_5
33845.6552079821994994 PRESSURE_6
33845.6552079821994994 PRESSURE_7
10036.1127553121477831 PRESSURE_8
10036.1127553121477831 PRESSURE_9
8159.6239335644650055 PRESSURE_10
8159.6239335644650055 PRESSURE_11
135.1999187590690212 VELOCITY_0_0
0.0000000000000000 VELOCITY_0_1
0.0000000000000000 VELOCITY_0_2
135.1999187590690212 VELOCITY_1_0
0.0000000000000000 VELOCITY_1_1
0.0000000000000000 VELOCITY_1_2
153.1419869424734372 VELOCITY_2_0
0.0000000000000000 VELOCITY_2_1
0.0000000000000000 VELOCITY_2_2
153.1419869424734372 VELOCITY_3_0
0.0000000000000000 VELOCITY_3_1
0.0000000000000000 VELOCITY_3_2
266.4747958836392741 VELOCITY_4_0
0.0000000000000000 VELOCITY_4_1
0.0000000000000000 VELOCITY_4_2
266.4747958836392741 VELOCITY_5_0
0.0000000000000000 VELOCITY_5_1
0.0000000000000000 VELOCITY_5_2
700.6545876422146648 VELOCITY_6_0
0.0000000000000000 VELOCITY_6_1
0.0000000000000000 VELOCITY_6_2
700.6545876422146648 VELOCITY_7_0
0.0000000000000000 VELOCITY_7_1
0.0000000000000000 VELOCITY_7_2
953.7568845239038637 VELOCITY_8_0
0.0000000000000000 VELOCITY_8_1
0.0000000000000000 VELOCITY_8_2
953.7568845239038637 VELOCITY_9_0
0.0000000000000000 VELOCITY_9_1
0.0000000000000000 VELOCITY_9_2
983.4947699987761780 VELOCITY_10_0
0.0000000000000000 VELOCITY_10_1
0.0000000000000000 VELOCITY_10_2
983.4947699987761780 VELOCITY_11_0
0.0000000000000000 VELOCITY_11_1
0.0000000000000000 VELOCITY_11_2
