63.3691825063561964 MASS
27.2404076064411242 MASS_WALL_ONLY
0.0722402426652868 VOLUME
16911.5515144511446124 THRUST
0.9602999203160263 THERMAL_LAYER_PN_TEMP_RATIO
0.8102312285069451 LOAD_LAYER_INSIDE_PN_TEMP_RATIO
0.5368183407687660 LOAD_LAYER_MIDDLE_PN_TEMP_RATIO
0.8002836402189283 LOAD_LAYER_OUTSIDE_PN_TEMP_RATIO
0.4333571627452695 THERMAL_LAYER_PN_FAILURE_CRITERIA
0.1713645777049045 LOAD_LAYER_INSIDE_PN_FAILURE_CRITERIA
0.0087025441669013 LOAD_LAYER_MIDDLE_PN_FAILURE_CRITERIA
0.1392003544536394 LOAD_LAYER_OUTSIDE_PN_FAILURE_CRITERIA
0.0350737404933739 STRINGERS_PN_FAILURE_CRITERIA
0.0132241517580530 BAFFLE1_PN_FAILURE_CRITERIA
0.0136171914591308 BAFFLE2_PN_FAILURE_CRITERIA
0.0137489531717710 BAFFLE3_PN_FAILURE_CRITERIA
0.0139186953680826 BAFFLE4_PN_FAILURE_CRITERIA
0.0138639146930871 BAFFLE5_PN_FAILURE_CRITERIA
0.0140331608166933 BAFFLE6_PN_FAILURE_CRITERIA
0.9498012235980674 THERMAL_LAYER_TEMP_RATIO_0_0
0.9572750031436448 THERMAL_LAYER_TEMP_RATIO_0_1
0.9567450320629581 THERMAL_LAYER_TEMP_RATIO_0_2
0.8095943181149271 LOAD_LAYER_INSIDE_TEMP_RATIO_0_0
0.8237081650511676 LOAD_LAYER_INSIDE_TEMP_RATIO_0_1
0.8108386145172383 LOAD_LAYER_INSIDE_TEMP_RATIO_0_2
0.5364565557351908 LOAD_LAYER_MIDDLE_TEMP_RATIO_0_0
0.5457965582715313 LOAD_LAYER_MIDDLE_TEMP_RATIO_0_1
0.5371665432744772 LOAD_LAYER_MIDDLE_TEMP_RATIO_0_2
0.7998333774320970 LOAD_LAYER_OUTSIDE_TEMP_RATIO_0_0
0.8136823571235293 LOAD_LAYER_OUTSIDE_TEMP_RATIO_0_1
0.8008426763615658 LOAD_LAYER_OUTSIDE_TEMP_RATIO_0_2
0.3819287104162757 THERMAL_LAYER_FAILURE_CRITERIA_0_0
0.2756637085005259 THERMAL_LAYER_FAILURE_CRITERIA_0_1
0.2785170010526338 THERMAL_LAYER_FAILURE_CRITERIA_0_2
0.0137477089954508 LOAD_LAYER_INSIDE_FAILURE_CRITERIA_0_0
0.0102636862260996 LOAD_LAYER_INSIDE_FAILURE_CRITERIA_0_1
0.0198240281512999 LOAD_LAYER_INSIDE_FAILURE_CRITERIA_0_2
0.0163358170662866 LOAD_LAYER_INSIDE_FAILURE_CRITERIA_1_0
0.0079710736014554 LOAD_LAYER_INSIDE_FAILURE_CRITERIA_1_1
0.0121591882966812 LOAD_LAYER_INSIDE_FAILURE_CRITERIA_1_2
0.0082785955748524 LOAD_LAYER_MIDDLE_FAILURE_CRITERIA_0_0
0.0091011699757592 LOAD_LAYER_MIDDLE_FAILURE_CRITERIA_0_1
0.0092319238852609 LOAD_LAYER_MIDDLE_FAILURE_CRITERIA_0_2
0.0168534517892141 LOAD_LAYER_OUTSIDE_FAILURE_CRITERIA_0_0
0.0275932439939218 LOAD_LAYER_OUTSIDE_FAILURE_CRITERIA_0_1
0.0050540752431312 LOAD_LAYER_OUTSIDE_FAILURE_CRITERIA_0_2
0.0080154395638136 LOAD_LAYER_OUTSIDE_FAILURE_CRITERIA_1_0
0.0079518148508020 LOAD_LAYER_OUTSIDE_FAILURE_CRITERIA_1_1
0.0023583129157568 LOAD_LAYER_OUTSIDE_FAILURE_CRITERIA_1_2
88605.0986481558356900 WALL_PRESSURE_0
86117.5470234031381551 WALL_PRESSURE_1
65764.6260732547671068 WALL_PRESSURE_2
43462.4170643125398783 WALL_PRESSURE_3
45408.6322906623317976 WALL_PRESSURE_4
47003.4539626114346902 PRESSURE_0
47003.4539626114346902 PRESSURE_1
47003.4539626114346902 PRESSURE_2
226.8685297948735808 VELOCITY_0_0
0.0000000000000000 VELOCITY_0_1
0.0000000000000000 VELOCITY_0_2
249.8229928383173046 VELOCITY_1_0
0.0000000000000000 VELOCITY_1_1
0.0000000000000000 VELOCITY_1_2
452.1662588335221926 VELOCITY_2_0
0.0000000000000000 VELOCITY_2_1
0.0000000000000000 VELOCITY_2_2
622.5476936060214257 VELOCITY_3_0
0.0000000000000000 VELOCITY_3_1
0.0000000000000000 VELOCITY_3_2
596.9853953262731920 VELOCITY_4_0
0.0000000000000000 VELOCITY_4_1
0.0000000000000000 VELOCITY_4_2
