566.4694210034489288 MASS
463.0900460378883281 MASS_WALL_ONLY
0.4149323628145783 VOLUME
22311.4076963053448708 THRUST
0.9278711886245323 THERMAL_LAYER_PN_TEMP_RATIO
1.0357062401309103 LOAD_LAYER_INSIDE_PN_TEMP_RATIO
0.6932807473632699 LOAD_LAYER_MIDDLE_PN_TEMP_RATIO
1.0032405427648561 LOAD_LAYER_OUTSIDE_PN_TEMP_RATIO
0.0041927758963932 THERMAL_LAYER_PN_FAILURE_CRITERIA
0.2068878672091722 LOAD_LAYER_INSIDE_PN_FAILURE_CRITERIA
0.1143170797722958 LOAD_LAYER_MIDDLE_PN_FAILURE_CRITERIA
0.2183252820736507 LOAD_LAYER_OUTSIDE_PN_FAILURE_CRITERIA
0.4459026950709744 STRINGERS_PN_FAILURE_CRITERIA
0.0213846892893227 BAFFLE1_PN_FAILURE_CRITERIA
0.0269514834699376 BAFFLE2_PN_FAILURE_CRITERIA
0.0220529244214490 BAFFLE3_PN_FAILURE_CRITERIA
0.0224139390762151 BAFFLE4_PN_FAILURE_CRITERIA
0.0229122581588720 BAFFLE5_PN_FAILURE_CRITERIA
0.8801190647305599 THERMAL_LAYER_TEMP_RATIO_0_0
0.9193353234041477 THERMAL_LAYER_TEMP_RATIO_0_1
0.8839238464563022 THERMAL_LAYER_TEMP_RATIO_0_2
1.0301914341370710 LOAD_LAYER_INSIDE_TEMP_RATIO_0_0
1.0446850262856511 LOAD_LAYER_INSIDE_TEMP_RATIO_0_1
1.0351287864417995 LOAD_LAYER_INSIDE_TEMP_RATIO_0_2
0.6903272812064249 LOAD_LAYER_MIDDLE_TEMP_RATIO_0_0
0.6993209479464531 LOAD_LAYER_MIDDLE_TEMP_RATIO_0_1
0.6926737084354138 LOAD_LAYER_MIDDLE_TEMP_RATIO_0_2
1.0000251056751615 LOAD_LAYER_OUTSIDE_TEMP_RATIO_0_0
1.0119692831761029 LOAD_LAYER_OUTSIDE_TEMP_RATIO_0_1
1.0019481743593575 LOAD_LAYER_OUTSIDE_TEMP_RATIO_0_2
0.0047246041396227 THERMAL_LAYER_FAILURE_CRITERIA_0_0
0.0029801190276761 THERMAL_LAYER_FAILURE_CRITERIA_0_1
0.0029454328335080 THERMAL_LAYER_FAILURE_CRITERIA_0_2
0.0242273576441068 LOAD_LAYER_INSIDE_FAILURE_CRITERIA_0_0
0.0099086107252203 LOAD_LAYER_INSIDE_FAILURE_CRITERIA_0_1
0.0229177219673628 LOAD_LAYER_INSIDE_FAILURE_CRITERIA_0_2
0.0183553255214890 LOAD_LAYER_INSIDE_FAILURE_CRITERIA_1_0
0.0719613449389106 LOAD_LAYER_INSIDE_FAILURE_CRITERIA_1_1
0.1248017808445887 LOAD_LAYER_INSIDE_FAILURE_CRITERIA_1_2
0.1186294691910797 LOAD_LAYER_MIDDLE_FAILURE_CRITERIA_0_0
0.1181011587723644 LOAD_LAYER_MIDDLE_FAILURE_CRITERIA_0_1
0.1230439888554779 LOAD_LAYER_MIDDLE_FAILURE_CRITERIA_0_2
0.0294211938462669 LOAD_LAYER_OUTSIDE_FAILURE_CRITERIA_0_0
0.0295439578733174 LOAD_LAYER_OUTSIDE_FAILURE_CRITERIA_0_1
0.0271245529343599 LOAD_LAYER_OUTSIDE_FAILURE_CRITERIA_0_2
0.0124908036937478 LOAD_LAYER_OUTSIDE_FAILURE_CRITERIA_1_0
0.0754037224478212 LOAD_LAYER_OUTSIDE_FAILURE_CRITERIA_1_1
0.1085692763557669 LOAD_LAYER_OUTSIDE_FAILURE_CRITERIA_1_2
104704.7108705757418647 WALL_PRESSURE_0
104657.6710835174890235 WALL_PRESSURE_1
104427.4284465025702957 WALL_PRESSURE_2
102682.3597338817198761 WALL_PRESSURE_3
98652.8806332378298976 WALL_PRESSURE_4
9672.8276725471114332 PRESSURE_0
9672.8276725471114332 PRESSURE_1
9672.8276725471114332 PRESSURE_2
145.9470373450807870 VELOCITY_0_0
0.0000000000000000 VELOCITY_0_1
0.0000000000000000 VELOCITY_0_2
200.9780234237544789 VELOCITY_1_0
0.0000000000000000 VELOCITY_1_1
0.0000000000000000 VELOCITY_1_2
441.4926337237071721 VELOCITY_2_0
0.0000000000000000 VELOCITY_2_1
0.0000000000000000 VELOCITY_2_2
934.0880855704341457 VELOCITY_3_0
0.0000000000000000 VELOCITY_3_1
0.0000000000000000 VELOCITY_3_2
968.7782500344250138 VELOCITY_4_0
0.0000000000000000 VELOCITY_4_1
0.0000000000000000 VELOCITY_4_2
