62.7477871398855811 MASS
27.2404076064585787 MASS_WALL_ONLY
0.0714011995023269 VOLUME
16883.7414797026722226 THRUST
0.9605530010872735 THERMAL_LAYER_PN_TEMP_RATIO
0.8116270567101953 LOAD_LAYER_INSIDE_PN_TEMP_RATIO
0.5377531467393677 LOAD_LAYER_MIDDLE_PN_TEMP_RATIO
0.8016839321709534 LOAD_LAYER_OUTSIDE_PN_TEMP_RATIO
0.4257740670640661 THERMAL_LAYER_PN_FAILURE_CRITERIA
0.1725090039233487 LOAD_LAYER_INSIDE_PN_FAILURE_CRITERIA
0.0088089744311023 LOAD_LAYER_MIDDLE_PN_FAILURE_CRITERIA
0.1392460755975117 LOAD_LAYER_OUTSIDE_PN_FAILURE_CRITERIA
0.0364212279890636 STRINGERS_PN_FAILURE_CRITERIA
0.0132097140814422 BAFFLE1_PN_FAILURE_CRITERIA
0.0136156866591333 BAFFLE2_PN_FAILURE_CRITERIA
0.0134377712970171 BAFFLE3_PN_FAILURE_CRITERIA
0.0135513207608944 BAFFLE4_PN_FAILURE_CRITERIA
0.0135261232380923 BAFFLE5_PN_FAILURE_CRITERIA
0.0140384760450175 BAFFLE6_PN_FAILURE_CRITERIA
0.9498012338789088 THERMAL_LAYER_TEMP_RATIO_0_0
0.9572438507689776 THERMAL_LAYER_TEMP_RATIO_0_1
0.9567450101360969 THERMAL_LAYER_TEMP_RATIO_0_2
0.8095949134623086 LOAD_LAYER_INSIDE_TEMP_RATIO_0_0
0.8237375619977119 LOAD_LAYER_INSIDE_TEMP_RATIO_0_1
0.8108368895123126 LOAD_LAYER_INSIDE_TEMP_RATIO_0_2
0.5364569531031942 LOAD_LAYER_MIDDLE_TEMP_RATIO_0_0
0.5458331708463307 LOAD_LAYER_MIDDLE_TEMP_RATIO_0_1
0.5371653926162554 LOAD_LAYER_MIDDLE_TEMP_RATIO_0_2
0.7998339690157230 LOAD_LAYER_OUTSIDE_TEMP_RATIO_0_0
0.8137649828867520 LOAD_LAYER_OUTSIDE_TEMP_RATIO_0_1
0.8008409646117447 LOAD_LAYER_OUTSIDE_TEMP_RATIO_0_2
0.3819241368776297 THERMAL_LAYER_FAILURE_CRITERIA_0_0
0.2756628623511373 THERMAL_LAYER_FAILURE_CRITERIA_0_1
0.2785182501860767 THERMAL_LAYER_FAILURE_CRITERIA_0_2
0.0137110366601425 LOAD_LAYER_INSIDE_FAILURE_CRITERIA_0_0
0.0102823092500671 LOAD_LAYER_INSIDE_FAILURE_CRITERIA_0_1
0.0190349596175328 LOAD_LAYER_INSIDE_FAILURE_CRITERIA_0_2
0.0163623142044549 LOAD_LAYER_INSIDE_FAILURE_CRITERIA_1_0
0.0081018893438853 LOAD_LAYER_INSIDE_FAILURE_CRITERIA_1_1
0.0115940747415170 LOAD_LAYER_INSIDE_FAILURE_CRITERIA_1_2
0.0082772726406345 LOAD_LAYER_MIDDLE_FAILURE_CRITERIA_0_0
0.0090959909549108 LOAD_LAYER_MIDDLE_FAILURE_CRITERIA_0_1
0.0092405893326838 LOAD_LAYER_MIDDLE_FAILURE_CRITERIA_0_2
0.0168544987527481 LOAD_LAYER_OUTSIDE_FAILURE_CRITERIA_0_0
0.0275553253581219 LOAD_LAYER_OUTSIDE_FAILURE_CRITERIA_0_1
0.0064823623639423 LOAD_LAYER_OUTSIDE_FAILURE_CRITERIA_0_2
0.0080257433790444 LOAD_LAYER_OUTSIDE_FAILURE_CRITERIA_1_0
0.0080802544003041 LOAD_LAYER_OUTSIDE_FAILURE_CRITERIA_1_1
0.0015475861565859 LOAD_LAYER_OUTSIDE_FAILURE_CRITERIA_1_2
88605.0986481558356900 WALL_PRESSURE_0
86117.5470234031381551 WALL_PRESSURE_1
65764.6260732547671068 WALL_PRESSURE_2
43462.4170643125398783 WALL_PRESSURE_3
45408.6322906623317976 WALL_PRESSURE_4
47003.4539626114346902 PRESSURE_0
47003.4539626114346902 PRESSURE_1
47003.4539626114346902 PRESSURE_2
226.8685297948735808 VELOCITY_0_0
0.0000000000000000 VELOCITY_0_1
0.0000000000000000 VELOCITY_0_2
249.8229928383173046 VELOCITY_1_0
0.0000000000000000 VELOCITY_1_1
0.0000000000000000 VELOCITY_1_2
452.1662588335221926 VELOCITY_2_0
0.0000000000000000 VELOCITY_2_1
0.0000000000000000 VELOCITY_2_2
622.5476936060214257 VELOCITY_3_0
0.0000000000000000 VELOCITY_3_1
0.0000000000000000 VELOCITY_3_2
596.9853953262731920 VELOCITY_4_0
0.0000000000000000 VELOCITY_4_1
0.0000000000000000 VELOCITY_4_2
