583.0201604274893725 MASS
463.2750838269671476 MASS_WALL_ONLY
0.4606566614067418 VOLUME
4031.5001292599390581 THRUST
0.8665825742425306 THERMAL_LAYER_PN_TEMP_RATIO
0.6092063223091251 LOAD_LAYER_INSIDE_PN_TEMP_RATIO
0.3987599565682545 LOAD_LAYER_MIDDLE_PN_TEMP_RATIO
0.5847535391500748 LOAD_LAYER_OUTSIDE_PN_TEMP_RATIO
0.0039919572409677 THERMAL_LAYER_PN_FAILURE_CRITERIA
0.0896713331350481 LOAD_LAYER_INSIDE_PN_FAILURE_CRITERIA
0.0355820793856377 LOAD_LAYER_MIDDLE_PN_FAILURE_CRITERIA
0.0949403933207247 LOAD_LAYER_OUTSIDE_PN_FAILURE_CRITERIA
0.1201374871193364 STRINGERS_PN_FAILURE_CRITERIA
0.0088393093026334 BAFFLE1_PN_FAILURE_CRITERIA
0.0099493014312767 BAFFLE2_PN_FAILURE_CRITERIA
0.0096086537613666 BAFFLE3_PN_FAILURE_CRITERIA
0.0067401309775653 BAFFLE4_PN_FAILURE_CRITERIA
0.0042087437262837 BAFFLE5_PN_FAILURE_CRITERIA
0.8875228913594710 THERMAL_LAYER_TEMP_RATIO_0_0
0.8855547546455980 THERMAL_LAYER_TEMP_RATIO_0_1
0.4723017015913057 THERMAL_LAYER_TEMP_RATIO_0_2
0.6392963420219127 LOAD_LAYER_INSIDE_TEMP_RATIO_0_0
0.6331807209036213 LOAD_LAYER_INSIDE_TEMP_RATIO_0_1
0.5028654518025247 LOAD_LAYER_INSIDE_TEMP_RATIO_0_2
0.4172907225373942 LOAD_LAYER_MIDDLE_TEMP_RATIO_0_0
0.4140648771305588 LOAD_LAYER_MIDDLE_TEMP_RATIO_0_1
0.3328277840124133 LOAD_LAYER_MIDDLE_TEMP_RATIO_0_2
0.6101663726329731 LOAD_LAYER_OUTSIDE_TEMP_RATIO_0_0
0.6066263330400787 LOAD_LAYER_OUTSIDE_TEMP_RATIO_0_1
0.4935219067531895 LOAD_LAYER_OUTSIDE_TEMP_RATIO_0_2
0.0043918238959341 THERMAL_LAYER_FAILURE_CRITERIA_0_0
0.0027539161608201 THERMAL_LAYER_FAILURE_CRITERIA_0_1
0.0010779945888612 THERMAL_LAYER_FAILURE_CRITERIA_0_2
0.0082413258895787 LOAD_LAYER_INSIDE_FAILURE_CRITERIA_0_0
0.0061184497306500 LOAD_LAYER_INSIDE_FAILURE_CRITERIA_0_1
0.0022728450239000 LOAD_LAYER_INSIDE_FAILURE_CRITERIA_0_2
0.0071989640561854 LOAD_LAYER_INSIDE_FAILURE_CRITERIA_1_0
0.0426387080217303 LOAD_LAYER_INSIDE_FAILURE_CRITERIA_1_1
0.0273406157726440 LOAD_LAYER_INSIDE_FAILURE_CRITERIA_1_2
0.0383789678083423 LOAD_LAYER_MIDDLE_FAILURE_CRITERIA_0_0
0.0380554771194715 LOAD_LAYER_MIDDLE_FAILURE_CRITERIA_0_1
0.0258637661459637 LOAD_LAYER_MIDDLE_FAILURE_CRITERIA_0_2
0.0094191940539863 LOAD_LAYER_OUTSIDE_FAILURE_CRITERIA_0_0
0.0109028965094801 LOAD_LAYER_OUTSIDE_FAILURE_CRITERIA_0_1
0.0098681727001628 LOAD_LAYER_OUTSIDE_FAILURE_CRITERIA_0_2
0.0064217809330227 LOAD_LAYER_OUTSIDE_FAILURE_CRITERIA_1_0
0.0473877018725139 LOAD_LAYER_OUTSIDE_FAILURE_CRITERIA_1_1
0.0243992307136079 LOAD_LAYER_OUTSIDE_FAILURE_CRITERIA_1_2
95539.8955578079476254 WALL_PRESSURE_0
94456.8979647015221417 WALL_PRESSURE_1
86922.7913384228450013 WALL_PRESSURE_2
27302.7963844737460022 WALL_PRESSURE_3
9902.5033792278154579 WALL_PRESSURE_4
3484.0426997616145854 PRESSURE_0
7183.7802283118944615 PRESSURE_1
9879.9685297910436930 PRESSURE_2
134.9449871396417677 VELOCITY_0_0
151.4566514500156131 VELOCITY_0_1
252.3161437475314699 VELOCITY_0_2
756.5068948981146377 VELOCITY_0_3
967.2831030946646251 VELOCITY_0_4
-0.1040956747518030 VELOCITY_1_0
-11.2679666674312067 VELOCITY_1_1
-65.9003473734843652 VELOCITY_1_2
127.3767536384896601 VELOCITY_1_3
16.3650575286316808 VELOCITY_1_4
0.0000000000000000 VELOCITY_2_0
0.0000000000000000 VELOCITY_2_1
0.0000000000000000 VELOCITY_2_2
0.0000000000000000 VELOCITY_2_3
0.0000000000000000 VELOCITY_2_4
