63.3691825063561964 MASS
27.2404076064411242 MASS_WALL_ONLY
0.0722402426652868 VOLUME
21226.9765114830297534 THRUST
0.8916082328079238 THERMAL_LAYER_PN_TEMP_RATIO
0.7674288182957967 LOAD_LAYER_INSIDE_PN_TEMP_RATIO
0.5087231680671733 LOAD_LAYER_MIDDLE_PN_TEMP_RATIO
0.7587973334458703 LOAD_LAYER_OUTSIDE_PN_TEMP_RATIO
0.4250503953807881 THERMAL_LAYER_PN_FAILURE_CRITERIA
0.1694520295158577 LOAD_LAYER_INSIDE_PN_FAILURE_CRITERIA
0.0072804193419454 LOAD_LAYER_MIDDLE_PN_FAILURE_CRITERIA
0.1392307688882543 LOAD_LAYER_OUTSIDE_PN_FAILURE_CRITERIA
0.0330868159192852 STRINGERS_PN_FAILURE_CRITERIA
0.0130066140007482 BAFFLE1_PN_FAILURE_CRITERIA
0.0134469840932297 BAFFLE2_PN_FAILURE_CRITERIA
0.0132138002034992 BAFFLE3_PN_FAILURE_CRITERIA
0.0107913189021207 BAFFLE4_PN_FAILURE_CRITERIA
0.0105537034889546 BAFFLE5_PN_FAILURE_CRITERIA
0.0106081119485082 BAFFLE6_PN_FAILURE_CRITERIA
0.9363078486997872 THERMAL_LAYER_TEMP_RATIO_0_0
0.8174967359734651 THERMAL_LAYER_TEMP_RATIO_0_1
0.7157755297403847 THERMAL_LAYER_TEMP_RATIO_0_2
0.8026971849180610 LOAD_LAYER_INSIDE_TEMP_RATIO_0_0
0.7587807742254026 LOAD_LAYER_INSIDE_TEMP_RATIO_0_1
0.7155652408717004 LOAD_LAYER_INSIDE_TEMP_RATIO_0_2
0.5319192603121167 LOAD_LAYER_MIDDLE_TEMP_RATIO_0_0
0.5034643737783258 LOAD_LAYER_MIDDLE_TEMP_RATIO_0_1
0.4746767220467756 LOAD_LAYER_MIDDLE_TEMP_RATIO_0_2
0.7931159692369341 LOAD_LAYER_OUTSIDE_TEMP_RATIO_0_0
0.7515544605191730 LOAD_LAYER_OUTSIDE_TEMP_RATIO_0_1
0.7084144298288894 LOAD_LAYER_OUTSIDE_TEMP_RATIO_0_2
0.3748770170740514 THERMAL_LAYER_FAILURE_CRITERIA_0_0
0.2174709532282970 THERMAL_LAYER_FAILURE_CRITERIA_0_1
0.2073152314504739 THERMAL_LAYER_FAILURE_CRITERIA_0_2
0.0133460697952450 LOAD_LAYER_INSIDE_FAILURE_CRITERIA_0_0
0.0028680541565129 LOAD_LAYER_INSIDE_FAILURE_CRITERIA_0_1
0.0139551724151583 LOAD_LAYER_INSIDE_FAILURE_CRITERIA_0_2
0.0155359333905767 LOAD_LAYER_INSIDE_FAILURE_CRITERIA_1_0
0.0081852429386344 LOAD_LAYER_INSIDE_FAILURE_CRITERIA_1_1
0.0105397185458680 LOAD_LAYER_INSIDE_FAILURE_CRITERIA_1_2
0.0080655928174476 LOAD_LAYER_MIDDLE_FAILURE_CRITERIA_0_0
0.0069921222856311 LOAD_LAYER_MIDDLE_FAILURE_CRITERIA_0_1
0.0069988837259443 LOAD_LAYER_MIDDLE_FAILURE_CRITERIA_0_2
0.0156650655395902 LOAD_LAYER_OUTSIDE_FAILURE_CRITERIA_0_0
0.0197582436943060 LOAD_LAYER_OUTSIDE_FAILURE_CRITERIA_0_1
0.0049452929881788 LOAD_LAYER_OUTSIDE_FAILURE_CRITERIA_0_2
0.0088140615663509 LOAD_LAYER_OUTSIDE_FAILURE_CRITERIA_1_0
0.0081499252169448 LOAD_LAYER_OUTSIDE_FAILURE_CRITERIA_1_1
0.0003578301804203 LOAD_LAYER_OUTSIDE_FAILURE_CRITERIA_1_2
89244.3886462148366263 WALL_PRESSURE_0
90409.7051797104795696 WALL_PRESSURE_1
52717.9688364957983140 WALL_PRESSURE_2
39476.9990383995973389 WALL_PRESSURE_3
50052.8621665307291551 WALL_PRESSURE_4
36751.4183157108491287 PRESSURE_0
26462.1983822117617819 PRESSURE_1
21461.2481589233248087 PRESSURE_2
218.8692269686577845 VELOCITY_0_0
180.7905546913412422 VELOCITY_0_1
504.5025751258078799 VELOCITY_0_2
41.9986014967403136 VELOCITY_0_3
37.3607619670825386 VELOCITY_0_4
-0.0616341570629771 VELOCITY_1_0
-85.5494636242855648 VELOCITY_1_1
-143.0510562986589775 VELOCITY_1_2
-50.3975876440597332 VELOCITY_1_3
-44.2505417145723001 VELOCITY_1_4
0.0000000000000000 VELOCITY_2_0
0.0000000000000000 VELOCITY_2_1
0.0000000000000000 VELOCITY_2_2
0.0000000000000000 VELOCITY_2_3
0.0000000000000000 VELOCITY_2_4
